<?xml version="1.0" encoding="UTF-8"?>
<!-- Generated by org.testng.reporters.JUnitReportReporter -->
<testsuite hostname="DESKTOP-BKE9C99" failures="0" tests="1" name="extent_reports.TolearnExtentreport" time="0.445" errors="0" timestamp="2023-12-29T12:02:10 IST" skipped="0">
  <testcase classname="extent_reports.TolearnExtentreport" name="report" time="0.445"/>
  <system-out/>
</testsuite> <!-- extent_reports.TolearnExtentreport -->
