<?xml version="1.0" encoding="UTF-8"?>
<!-- Generated by org.testng.reporters.JUnitReportReporter -->
<testsuite hostname="DESKTOP-BKE9C99" failures="0" tests="1" name="com.tyss.genricutility.Script" time="5.040" errors="0" timestamp="2023-12-29T15:05:25 IST" skipped="0">
  <testcase classname="com.tyss.genricutility.Script" name="test_method" time="5.040"/>
  <system-out/>
</testsuite> <!-- com.tyss.genricutility.Script -->
