<?xml version="1.0" encoding="UTF-8"?>
<!-- Generated by org.testng.reporters.JUnitReportReporter -->
<testsuite hostname="DESKTOP-BKE9C99" failures="0" tests="1" name="extent_reports.ToAddScreenshot_ExtentReport" time="10.842" errors="0" timestamp="2023-12-29T12:37:52 IST" skipped="0">
  <testcase classname="extent_reports.ToAddScreenshot_ExtentReport" name="screenshot" time="10.842"/>
  <system-out>
    <![CDATA[hello screenshot]]>
  </system-out>
</testsuite> <!-- extent_reports.ToAddScreenshot_ExtentReport -->
