<?xml version="1.0" encoding="UTF-8"?>
<!-- Generated by org.testng.reporters.JUnitReportReporter -->
<testsuite hostname="DESKTOP-BKE9C99" failures="0" tests="1" name="companies.TestYantraTest" time="2.736" errors="0" timestamp="2023-12-28T14:39:06 IST" skipped="0">
  <testcase classname="companies.TestYantraTest" name="testyantra_company" time="2.736"/>
  <system-out>
    <![CDATA[testyantra executes]]>
  </system-out>
</testsuite> <!-- companies.TestYantraTest -->
