<?xml version="1.0" encoding="UTF-8"?>
<!-- Generated by org.testng.reporters.JUnitReportReporter -->
<testsuite hostname="DESKTOP-BKE9C99" failures="0" tests="1" name="demo.MavenParameter" time="4.896" errors="0" timestamp="2023-12-28T14:46:33 IST" skipped="0">
  <testcase classname="demo.MavenParameter" name="recieve_data" time="4.896"/>
  <system-out>
    <![CDATA[parameters executed]]>
  </system-out>
</testsuite> <!-- demo.MavenParameter -->
