<?xml version="1.0" encoding="UTF-8"?>
<!-- Generated by org.testng.reporters.JUnitReportReporter -->
<testsuite hostname="DESKTOP-BKE9C99" failures="0" tests="1" name="companies.TcsTest" time="2.318" errors="0" timestamp="2023-12-28T14:39:06 IST" skipped="0">
  <testcase classname="companies.TcsTest" name="tcs_company" time="2.318"/>
  <system-out>
    <![CDATA[tcs executes]]>
  </system-out>
</testsuite> <!-- companies.TcsTest -->
