<?xml version="1.0" encoding="UTF-8"?>
<!-- Generated by org.testng.reporters.JUnitReportReporter -->
<testsuite hostname="DESKTOP-BKE9C99" failures="0" tests="1" name="companies.WiproTest" time="2.721" errors="0" timestamp="2023-12-28T14:39:06 IST" skipped="0">
  <testcase classname="companies.WiproTest" name="wipro_company" time="2.721"/>
  <system-out>
    <![CDATA[wipro executes]]>
  </system-out>
</testsuite> <!-- companies.WiproTest -->
