<?xml version="1.0" encoding="UTF-8"?>
<!-- Generated by org.testng.reporters.JUnitReportReporter -->
<testsuite hostname="DESKTOP-BKE9C99" failures="0" tests="1" name="demo.SimpleTest" time="1.712" errors="0" timestamp="2023-12-28T14:39:06 IST" skipped="0">
  <testcase classname="demo.SimpleTest" name="simple" time="1.712"/>
  <system-out>
    <![CDATA[simple executes ]]>
  </system-out>
</testsuite> <!-- demo.SimpleTest -->
